<?xml version="1.0" encoding="UTF-8"?>
<testng-results skipped="0" failed="1" ignored="0" total="12" passed="11">
  <reporter-output>
  </reporter-output>
  <suite name="Suite" duration-ms="0" started-at="2020-05-15T17:12:12 IST" finished-at="2020-05-15T17:12:12 IST">
    <groups>
    </groups>
  </suite> <!-- Suite -->
  <suite name="Suite B" duration-ms="39" started-at="2020-05-15T17:12:12 IST" finished-at="2020-05-15T17:12:12 IST">
    <groups>
    </groups>
    <test name="Register Test" duration-ms="18" started-at="2020-05-15T17:12:12 IST" finished-at="2020-05-15T17:12:12 IST">
      <class name="testcases.suiteb.ValidateUserRegTest">
        <test-method status="FAIL" signature="register()[pri:0, instance:testcases.suiteb.ValidateUserRegTest@1dfe2924]" name="register" duration-ms="12" started-at="2020-05-15T17:12:12 IST" finished-at="2020-05-15T17:12:12 IST">
          <exception class="java.lang.AssertionError">
            <message>
              <![CDATA[The following asserts failed:
expected [XYZA] but found [XYZ],
Element not found did not expect to find [true] but found [false],
Submit button was not there]]>
            </message>
            <full-stacktrace>
              <![CDATA[java.lang.AssertionError: The following asserts failed:
expected [XYZA] but found [XYZ],
Element not found did not expect to find [true] but found [false],
Submit button was not there
at org.testng.asserts.SoftAssert.assertAll(SoftAssert.java:47)
at org.testng.asserts.SoftAssert.assertAll(SoftAssert.java:31)
at testcases.suiteb.ValidateUserRegTest.register(ValidateUserRegTest.java:20)
at sun.reflect.NativeMethodAccessorImpl.invoke0(Native Method)
at sun.reflect.NativeMethodAccessorImpl.invoke(Unknown Source)
at sun.reflect.DelegatingMethodAccessorImpl.invoke(Unknown Source)
at java.lang.reflect.Method.invoke(Unknown Source)
at org.testng.internal.MethodInvocationHelper.invokeMethod(MethodInvocationHelper.java:133)
at org.testng.internal.TestInvoker.invokeMethod(TestInvoker.java:584)
at org.testng.internal.TestInvoker.invokeTestMethod(TestInvoker.java:172)
at org.testng.internal.MethodRunner.runInSequence(MethodRunner.java:46)
at org.testng.internal.TestInvoker$MethodInvocationAgent.invoke(TestInvoker.java:804)
at org.testng.internal.TestInvoker.invokeTestMethods(TestInvoker.java:145)
at org.testng.internal.TestMethodWorker.invokeTestMethods(TestMethodWorker.java:146)
at org.testng.internal.TestMethodWorker.run(TestMethodWorker.java:128)
at java.util.ArrayList.forEach(Unknown Source)
at org.testng.TestRunner.privateRun(TestRunner.java:770)
at org.testng.TestRunner.run(TestRunner.java:591)
at org.testng.SuiteRunner.runTest(SuiteRunner.java:402)
at org.testng.SuiteRunner.runSequentially(SuiteRunner.java:396)
at org.testng.SuiteRunner.privateRun(SuiteRunner.java:355)
at org.testng.SuiteRunner.run(SuiteRunner.java:304)
at org.testng.SuiteRunnerWorker.runSuite(SuiteRunnerWorker.java:53)
at org.testng.SuiteRunnerWorker.run(SuiteRunnerWorker.java:96)
at org.testng.TestNG.runSuitesSequentially(TestNG.java:1180)
at org.testng.TestNG.runSuitesSequentially(TestNG.java:1175)
at org.testng.TestNG.runSuitesLocally(TestNG.java:1102)
at org.testng.TestNG.runSuites(TestNG.java:1032)
at org.testng.TestNG.run(TestNG.java:1000)
at org.testng.remote.AbstractRemoteTestNG.run(AbstractRemoteTestNG.java:115)
at org.testng.remote.RemoteTestNG.initAndRun(RemoteTestNG.java:251)
at org.testng.remote.RemoteTestNG.main(RemoteTestNG.java:77)
]]>
            </full-stacktrace>
          </exception> <!-- java.lang.AssertionError -->
          <reporter-output>
          </reporter-output>
        </test-method> <!-- register -->
      </class> <!-- testcases.suiteb.ValidateUserRegTest -->
    </test> <!-- Register Test -->
    <test name="Purchase Phone Test" duration-ms="10" started-at="2020-05-15T17:12:12 IST" finished-at="2020-05-15T17:12:12 IST">
      <class name="testcases.suiteb.SearchAndPurchasePhoneTest">
        <test-method status="PASS" signature="search(org.testng.ITestContext)[pri:1, instance:testcases.suiteb.SearchAndPurchasePhoneTest@3224f60b]" name="search" duration-ms="1" started-at="2020-05-15T17:12:12 IST" finished-at="2020-05-15T17:12:12 IST">
          <params>
            <param index="0">
              <value>
                <![CDATA[org.testng.TestRunner@768b970c]]>
              </value>
            </param>
          </params>
          <reporter-output>
          </reporter-output>
        </test-method> <!-- search -->
        <test-method status="PASS" signature="selectPhone(org.testng.ITestContext)[pri:2, instance:testcases.suiteb.SearchAndPurchasePhoneTest@3224f60b]" name="selectPhone" duration-ms="1" started-at="2020-05-15T17:12:12 IST" depends-on-methods="testcases.suiteb.SearchAndPurchasePhoneTest.search" finished-at="2020-05-15T17:12:12 IST">
          <params>
            <param index="0">
              <value>
                <![CDATA[org.testng.TestRunner@768b970c]]>
              </value>
            </param>
          </params>
          <reporter-output>
          </reporter-output>
        </test-method> <!-- selectPhone -->
        <test-method status="PASS" signature="checkout(org.testng.ITestContext)[pri:3, instance:testcases.suiteb.SearchAndPurchasePhoneTest@3224f60b]" name="checkout" duration-ms="1" started-at="2020-05-15T17:12:12 IST" depends-on-methods="testcases.suiteb.SearchAndPurchasePhoneTest.search, testcases.suiteb.SearchAndPurchasePhoneTest.selectPhone" finished-at="2020-05-15T17:12:12 IST">
          <params>
            <param index="0">
              <value>
                <![CDATA[org.testng.TestRunner@768b970c]]>
              </value>
            </param>
          </params>
          <reporter-output>
          </reporter-output>
        </test-method> <!-- checkout -->
      </class> <!-- testcases.suiteb.SearchAndPurchasePhoneTest -->
    </test> <!-- Purchase Phone Test -->
  </suite> <!-- Suite B -->
  <suite name="Suite A" duration-ms="97" started-at="2020-05-15T17:12:12 IST" finished-at="2020-05-15T17:12:12 IST">
    <groups>
    </groups>
    <test name="Login Test" duration-ms="54" started-at="2020-05-15T17:12:12 IST" finished-at="2020-05-15T17:12:12 IST">
      <class name="testcases.suitea.LoginTest">
        <test-method status="PASS" signature="init()[pri:0, instance:testcases.suitea.LoginTest@5f9d02cb]" name="init" is-config="true" duration-ms="10" started-at="2020-05-15T17:12:12 IST" finished-at="2020-05-15T17:12:12 IST">
          <reporter-output>
          </reporter-output>
        </test-method> <!-- init -->
        <test-method status="PASS" signature="beforeMeth()[pri:0, instance:testcases.suitea.LoginTest@5f9d02cb]" name="beforeMeth" is-config="true" duration-ms="1" started-at="2020-05-15T17:12:12 IST" finished-at="2020-05-15T17:12:12 IST">
          <reporter-output>
          </reporter-output>
        </test-method> <!-- beforeMeth -->
        <test-method status="PASS" signature="loginTest(org.testng.ITestContext)[pri:0, instance:testcases.suitea.LoginTest@5f9d02cb]" name="loginTest" duration-ms="6" started-at="2020-05-15T17:12:12 IST" finished-at="2020-05-15T17:12:12 IST">
          <params>
            <param index="0">
              <value>
                <![CDATA[org.testng.TestRunner@74a10858]]>
              </value>
            </param>
          </params>
          <reporter-output>
          </reporter-output>
        </test-method> <!-- loginTest -->
        <test-method status="PASS" signature="afterMeth()[pri:0, instance:testcases.suitea.LoginTest@5f9d02cb]" name="afterMeth" is-config="true" duration-ms="0" started-at="2020-05-15T17:12:12 IST" finished-at="2020-05-15T17:12:12 IST">
          <reporter-output>
          </reporter-output>
        </test-method> <!-- afterMeth -->
        <test-method status="PASS" signature="beforeMeth()[pri:0, instance:testcases.suitea.LoginTest@5f9d02cb]" name="beforeMeth" is-config="true" duration-ms="1" started-at="2020-05-15T17:12:12 IST" finished-at="2020-05-15T17:12:12 IST">
          <reporter-output>
          </reporter-output>
        </test-method> <!-- beforeMeth -->
        <test-method status="PASS" signature="logout()[pri:0, instance:testcases.suitea.LoginTest@5f9d02cb]" name="logout" duration-ms="2" started-at="2020-05-15T17:12:12 IST" finished-at="2020-05-15T17:12:12 IST">
          <reporter-output>
          </reporter-output>
        </test-method> <!-- logout -->
        <test-method status="PASS" signature="afterMeth()[pri:0, instance:testcases.suitea.LoginTest@5f9d02cb]" name="afterMeth" is-config="true" duration-ms="1" started-at="2020-05-15T17:12:12 IST" finished-at="2020-05-15T17:12:12 IST">
          <reporter-output>
          </reporter-output>
        </test-method> <!-- afterMeth -->
        <test-method status="PASS" signature="quit()[pri:0, instance:testcases.suitea.LoginTest@5f9d02cb]" name="quit" is-config="true" duration-ms="0" started-at="2020-05-15T17:12:12 IST" finished-at="2020-05-15T17:12:12 IST">
          <reporter-output>
          </reporter-output>
        </test-method> <!-- quit -->
      </class> <!-- testcases.suitea.LoginTest -->
    </test> <!-- Login Test -->
    <test name="Create User Test" duration-ms="18" started-at="2020-05-15T17:12:12 IST" finished-at="2020-05-15T17:12:12 IST">
      <class name="testcases.suitea.CreateUser">
        <test-method status="PASS" signature="createUser(java.lang.String, java.lang.String, int, java.lang.String)[pri:0, instance:testcases.suitea.CreateUser@3701eaf6]" name="createUser" duration-ms="1" started-at="2020-05-15T17:12:12 IST" data-provider="getData" finished-at="2020-05-15T17:12:12 IST">
          <params>
            <param index="0">
              <value>
                <![CDATA[Chrome]]>
              </value>
            </param>
            <param index="1">
              <value>
                <![CDATA[Admin]]>
              </value>
            </param>
            <param index="2">
              <value>
                <![CDATA[234244]]>
              </value>
            </param>
            <param index="3">
              <value>
                <![CDATA[email1@somedomain.com]]>
              </value>
            </param>
          </params>
          <reporter-output>
          </reporter-output>
        </test-method> <!-- createUser -->
        <test-method status="PASS" signature="createUser(java.lang.String, java.lang.String, int, java.lang.String)[pri:0, instance:testcases.suitea.CreateUser@3701eaf6]" name="createUser" duration-ms="1" started-at="2020-05-15T17:12:12 IST" data-provider="getData" finished-at="2020-05-15T17:12:12 IST">
          <params>
            <param index="0">
              <value>
                <![CDATA[Mozilla]]>
              </value>
            </param>
            <param index="1">
              <value>
                <![CDATA[SuperAdmin]]>
              </value>
            </param>
            <param index="2">
              <value>
                <![CDATA[123123]]>
              </value>
            </param>
            <param index="3">
              <value>
                <![CDATA[email2@somedomain.com]]>
              </value>
            </param>
          </params>
          <reporter-output>
          </reporter-output>
        </test-method> <!-- createUser -->
        <test-method status="PASS" signature="createUser(java.lang.String, java.lang.String, int, java.lang.String)[pri:0, instance:testcases.suitea.CreateUser@3701eaf6]" name="createUser" duration-ms="1" started-at="2020-05-15T17:12:12 IST" data-provider="getData" finished-at="2020-05-15T17:12:12 IST">
          <params>
            <param index="0">
              <value>
                <![CDATA[ie]]>
              </value>
            </param>
            <param index="1">
              <value>
                <![CDATA[User]]>
              </value>
            </param>
            <param index="2">
              <value>
                <![CDATA[345435]]>
              </value>
            </param>
            <param index="3">
              <value>
                <![CDATA[email3@somedomain.com]]>
              </value>
            </param>
          </params>
          <reporter-output>
          </reporter-output>
        </test-method> <!-- createUser -->
        <test-method status="PASS" signature="deleteUser(java.lang.String, java.lang.String, int, java.lang.String)[pri:0, instance:testcases.suitea.CreateUser@3701eaf6]" name="deleteUser" duration-ms="1" started-at="2020-05-15T17:12:12 IST" data-provider="getData" finished-at="2020-05-15T17:12:12 IST">
          <params>
            <param index="0">
              <value>
                <![CDATA[Chrome]]>
              </value>
            </param>
            <param index="1">
              <value>
                <![CDATA[Admin]]>
              </value>
            </param>
            <param index="2">
              <value>
                <![CDATA[234244]]>
              </value>
            </param>
            <param index="3">
              <value>
                <![CDATA[email1@somedomain.com]]>
              </value>
            </param>
          </params>
          <reporter-output>
          </reporter-output>
        </test-method> <!-- deleteUser -->
        <test-method status="PASS" signature="deleteUser(java.lang.String, java.lang.String, int, java.lang.String)[pri:0, instance:testcases.suitea.CreateUser@3701eaf6]" name="deleteUser" duration-ms="1" started-at="2020-05-15T17:12:12 IST" data-provider="getData" finished-at="2020-05-15T17:12:12 IST">
          <params>
            <param index="0">
              <value>
                <![CDATA[Mozilla]]>
              </value>
            </param>
            <param index="1">
              <value>
                <![CDATA[SuperAdmin]]>
              </value>
            </param>
            <param index="2">
              <value>
                <![CDATA[123123]]>
              </value>
            </param>
            <param index="3">
              <value>
                <![CDATA[email2@somedomain.com]]>
              </value>
            </param>
          </params>
          <reporter-output>
          </reporter-output>
        </test-method> <!-- deleteUser -->
        <test-method status="PASS" signature="deleteUser(java.lang.String, java.lang.String, int, java.lang.String)[pri:0, instance:testcases.suitea.CreateUser@3701eaf6]" name="deleteUser" duration-ms="1" started-at="2020-05-15T17:12:12 IST" data-provider="getData" finished-at="2020-05-15T17:12:12 IST">
          <params>
            <param index="0">
              <value>
                <![CDATA[ie]]>
              </value>
            </param>
            <param index="1">
              <value>
                <![CDATA[User]]>
              </value>
            </param>
            <param index="2">
              <value>
                <![CDATA[345435]]>
              </value>
            </param>
            <param index="3">
              <value>
                <![CDATA[email3@somedomain.com]]>
              </value>
            </param>
          </params>
          <reporter-output>
          </reporter-output>
        </test-method> <!-- deleteUser -->
      </class> <!-- testcases.suitea.CreateUser -->
    </test> <!-- Create User Test -->
  </suite> <!-- Suite A -->
</testng-results>
