<?xml version="1.0" encoding="UTF-8"?>
<!-- Generated by org.testng.reporters.JUnitXMLReporter -->
<testsuite hostname="DESKTOP-V123S32" ignored="0" name="Register Test(failed)(failed)" tests="1" failures="1" timestamp="2020-05-15T17:34:32 IST" time="0.049" errors="0">
  <testcase name="register" time="0.01" classname="testcases.suiteb.ValidateUserRegTest">
    <failure type="java.lang.AssertionError" message="The following asserts failed:
	expected [XYZA] but found [XYZ],
	Element not found did not expect to find [true] but found [false],
	Submit button was not there">
      <![CDATA[java.lang.AssertionError: The following asserts failed:
expected [XYZA] but found [XYZ],
Element not found did not expect to find [true] but found [false],
Submit button was not there
at testcases.suiteb.ValidateUserRegTest.register(ValidateUserRegTest.java:20)
at java.util.ArrayList.forEach(ArrayList.java:1257)
at java.util.concurrent.ThreadPoolExecutor.runWorker(ThreadPoolExecutor.java:1149)
at java.util.concurrent.ThreadPoolExecutor$Worker.run(ThreadPoolExecutor.java:624)
at java.lang.Thread.run(Thread.java:748)
... Removed 22 stack frames]]>
    </failure>
  </testcase> <!-- register -->
</testsuite> <!-- Register Test(failed)(failed) -->
